#-----------------------------------------------------------
# Vivado v2019.1 (64-bit)
# SW Build 2552052 on Fri May 24 14:47:09 MDT 2019
# IP Build 2548770 on Fri May 24 18:01:18 MDT 2019
# Start of session at: Fri Mar 22 23:57:05 2024
# Process ID: 2675
# Current directory: /home/seshan/fpga_test_reference/processor/vcu108
# Command line: vivado -notrace -mode batch -source /home/seshan/fpga_test_reference/connectal/scripts/connectal-synth-pcie.tcl
# Log file: /home/seshan/fpga_test_reference/processor/vcu108/vivado.log
# Journal file: /home/seshan/fpga_test_reference/processor/vcu108/vivado.jou
#-----------------------------------------------------------
source /home/seshan/fpga_test_reference/connectal/scripts/connectal-synth-pcie.tcl -notrace
core was generated by vivado 2019.1, currently running vivado 2019.1
Core generated: pcie3_ultrascale 4.4 CONFIG.PF0_DEVICE_ID c100 CONFIG.PF0_MSIX_CAP_PBA_BIR BAR_1:0 CONFIG.PF0_MSIX_CAP_PBA_OFFSET 00000f80 CONFIG.PF0_MSIX_CAP_TABLE_BIR BAR_1:0 CONFIG.PF0_MSIX_CAP_TABLE_OFFSET 00001000 CONFIG.PF0_MSIX_CAP_TABLE_SIZE 16 CONFIG.PF0_SUBSYSTEM_ID a705 CONFIG.PF0_SUBSYSTEM_VENDOR_ID 1be7 CONFIG.PF1_DEVICE_ID 8011 CONFIG.PF1_MSIX_CAP_PBA_BIR BAR_0 CONFIG.PF1_MSIX_CAP_TABLE_BIR BAR_0 CONFIG.PL_LINK_CAP_MAX_LINK_SPEED 8.0_GT/s CONFIG.PL_LINK_CAP_MAX_LINK_WIDTH X8 CONFIG.aspm_support No_ASPM CONFIG.axisten_freq 250 CONFIG.axisten_if_width 256_bit CONFIG.coreclk_freq 250 CONFIG.mode_selection Advanced CONFIG.pf0_bar0_64bit true CONFIG.pf0_bar0_scale Kilobytes CONFIG.pf0_bar0_size 16 CONFIG.pf0_bar2_enabled true CONFIG.pf0_bar2_scale Megabytes CONFIG.pf0_bar2_size 1 CONFIG.pf0_bar2_type Memory CONFIG.pf0_dev_cap_max_payload 1024_bytes CONFIG.pf0_dsn_enabled true CONFIG.pf0_msix_enabled true CONFIG.plltype QPLL1 CONFIG.vendor_id 1be7 CONFIG.xlnx_ref_board VCU108 CONFIG.AXISTEN_IF_RC_STRADDLE false
Core requested: pcie3_ultrascale 4.4 CONFIG.PF0_DEVICE_ID c100 CONFIG.PF0_MSIX_CAP_PBA_BIR BAR_1:0 CONFIG.PF0_MSIX_CAP_PBA_OFFSET 00000f80 CONFIG.PF0_MSIX_CAP_TABLE_BIR BAR_1:0 CONFIG.PF0_MSIX_CAP_TABLE_OFFSET 00001000 CONFIG.PF0_MSIX_CAP_TABLE_SIZE 16 CONFIG.PF0_SUBSYSTEM_ID a705 CONFIG.PF0_SUBSYSTEM_VENDOR_ID 1be7 CONFIG.PF1_DEVICE_ID 8011 CONFIG.PF1_MSIX_CAP_PBA_BIR BAR_0 CONFIG.PF1_MSIX_CAP_TABLE_BIR BAR_0 CONFIG.PL_LINK_CAP_MAX_LINK_SPEED 8.0_GT/s CONFIG.PL_LINK_CAP_MAX_LINK_WIDTH X8 CONFIG.aspm_support No_ASPM CONFIG.axisten_freq 250 CONFIG.axisten_if_width 256_bit CONFIG.coreclk_freq 250 CONFIG.mode_selection Advanced CONFIG.pf0_bar0_64bit true CONFIG.pf0_bar0_scale Kilobytes CONFIG.pf0_bar0_size 16 CONFIG.pf0_bar2_enabled true CONFIG.pf0_bar2_scale Megabytes CONFIG.pf0_bar2_size 1 CONFIG.pf0_bar2_type Memory CONFIG.pf0_dev_cap_max_payload 1024_bytes CONFIG.pf0_dsn_enabled true CONFIG.pf0_msix_enabled true CONFIG.plltype QPLL1 CONFIG.vendor_id 1be7 CONFIG.xlnx_ref_board VCU108 CONFIG.AXISTEN_IF_RC_STRADDLE false
generate_ip 0
INFO: [IP_Flow 19-234] Refreshing IP repositories
INFO: [IP_Flow 19-1704] No user IP repositories specified
INFO: [IP_Flow 19-2313] Loaded Vivado IP repository '/opt/Xilinx/Vivado/2019.1/data/ip'.
INFO: [Common 17-206] Exiting Vivado at Fri Mar 22 23:57:11 2024...
