Parsing XDC File [/home/seshan/fpga_test_reference/connectal/constraints/xilinx/vcu108.xdc]
WARNING: [Vivado 12-584] No ports matched 'CLK_sys_clk1_300_p'. [/home/seshan/fpga_test_reference/connectal/constraints/xilinx/vcu108.xdc:17]
CRITICAL WARNING: [Common 17-55] 'set_property' expects at least one object. [/home/seshan/fpga_test_reference/connectal/constraints/xilinx/vcu108.xdc:17]
Resolution: If [get_<value>] was used to populate the object, check to make sure this command returns at least one valid object.
WARNING: [Vivado 12-584] No ports matched 'CLK_sys_clk1_300_n'. [/home/seshan/fpga_test_reference/connectal/constraints/xilinx/vcu108.xdc:18]
CRITICAL WARNING: [Common 17-55] 'set_property' expects at least one object. [/home/seshan/fpga_test_reference/connectal/constraints/xilinx/vcu108.xdc:18]
Resolution: If [get_<value>] was used to populate the object, check to make sure this command returns at least one valid object.
WARNING: [Vivado 12-584] No ports matched 'CLK_sys_clk2_300_p'. [/home/seshan/fpga_test_reference/connectal/constraints/xilinx/vcu108.xdc:19]
CRITICAL WARNING: [Common 17-55] 'set_property' expects at least one object. [/home/seshan/fpga_test_reference/connectal/constraints/xilinx/vcu108.xdc:19]
Resolution: If [get_<value>] was used to populate the object, check to make sure this command returns at least one valid object.
WARNING: [Vivado 12-584] No ports matched 'CLK_sys_clk2_300_n'. [/home/seshan/fpga_test_reference/connectal/constraints/xilinx/vcu108.xdc:20]
CRITICAL WARNING: [Common 17-55] 'set_property' expects at least one object. [/home/seshan/fpga_test_reference/connectal/constraints/xilinx/vcu108.xdc:20]
Resolution: If [get_<value>] was used to populate the object, check to make sure this command returns at least one valid object.
WARNING: [Vivado 12-584] No ports matched 'CLK_sys_clk1_300_p'. [/home/seshan/fpga_test_reference/connectal/constraints/xilinx/vcu108.xdc:22]
CRITICAL WARNING: [Common 17-55] 'set_property' expects at least one object. [/home/seshan/fpga_test_reference/connectal/constraints/xilinx/vcu108.xdc:22]
Resolution: If [get_<value>] was used to populate the object, check to make sure this command returns at least one valid object.
WARNING: [Vivado 12-584] No ports matched 'CLK_sys_clk1_300_n'. [/home/seshan/fpga_test_reference/connectal/constraints/xilinx/vcu108.xdc:23]
CRITICAL WARNING: [Common 17-55] 'set_property' expects at least one object. [/home/seshan/fpga_test_reference/connectal/constraints/xilinx/vcu108.xdc:23]
Resolution: If [get_<value>] was used to populate the object, check to make sure this command returns at least one valid object.
WARNING: [Vivado 12-584] No ports matched 'CLK_sys_clk2_300_p'. [/home/seshan/fpga_test_reference/connectal/constraints/xilinx/vcu108.xdc:24]
CRITICAL WARNING: [Common 17-55] 'set_property' expects at least one object. [/home/seshan/fpga_test_reference/connectal/constraints/xilinx/vcu108.xdc:24]
Resolution: If [get_<value>] was used to populate the object, check to make sure this command returns at least one valid object.
WARNING: [Vivado 12-584] No ports matched 'CLK_sys_clk2_300_n'. [/home/seshan/fpga_test_reference/connectal/constraints/xilinx/vcu108.xdc:25]
CRITICAL WARNING: [Common 17-55] 'set_property' expects at least one object. [/home/seshan/fpga_test_reference/connectal/constraints/xilinx/vcu108.xdc:25]
Resolution: If [get_<value>] was used to populate the object, check to make sure this command returns at least one valid object.
Finished Parsing XDC File [/home/seshan/fpga_test_reference/connectal/constraints/xilinx/vcu108.xdc]
